<?xml version="1.0" encoding="UTF-8"?>
<!-- Generated by org.testng.reporters.JUnitReportReporter -->
<testsuite skipped="0" hostname="DESKTOP-86SU9N9" name="testNGsample.CreateLead1" tests="2" failures="0" timestamp="2020-02-24T17:22:01 PST" time="38.192" errors="0">
  <testcase name="Create" time="17.781" classname="testNGsample.CreateLead1"/>
  <testcase name="Create" time="20.411" classname="testNGsample.CreateLead1"/>
</testsuite> <!-- testNGsample.CreateLead1 -->
