<?xml version="1.0" encoding="UTF-8"?>
<!-- Generated by org.testng.reporters.JUnitReportReporter -->
<testsuite skipped="0" hostname="DESKTOP-86SU9N9" name="testNGsample.DeleteLead" tests="1" failures="0" timestamp="2020-02-23T22:04:45 PST" time="45.778" errors="0">
  <testcase name="Delete" time="45.778" classname="testNGsample.DeleteLead"/>
</testsuite> <!-- testNGsample.DeleteLead -->
