<?xml version="1.0" encoding="UTF-8"?>
<!-- Generated by org.testng.reporters.JUnitReportReporter -->
<testsuite skipped="0" hostname="DESKTOP-86SU9N9" name="testNGsample.CreateLead" tests="1" failures="0" timestamp="2020-02-23T22:04:45 PST" time="34.717" errors="0">
  <testcase name="Create" time="34.717" classname="testNGsample.CreateLead"/>
</testsuite> <!-- testNGsample.CreateLead -->
