<?xml version="1.0" encoding="UTF-8"?>
<!-- Generated by org.testng.reporters.JUnitReportReporter -->
<testsuite skipped="0" hostname="DESKTOP-86SU9N9" name="testNGsample.EditLead" tests="1" failures="0" timestamp="2020-02-23T22:04:45 PST" time="43.066" errors="0">
  <testcase name="Edit" time="43.066" classname="testNGsample.EditLead"/>
</testsuite> <!-- testNGsample.EditLead -->
